TN:
SF:./release/angular-hitmands-auth.js
FN:10,(anonymous_1)
FN:14,AuthModuleRun
FN:15,redirect
FN:16,(anonymous_4)
FN:20,(anonymous_5)
FN:33,(anonymous_6)
FN:39,_authorizeLevelBased
FN:44,_authorizeRoleBased
FN:56,_sanitizeParsedData
FN:69,AuthProviderFactory
FN:77,AuthServiceRoutesListSetter
FN:89,AuthServiceTokenizeHttp
FN:93,AuthServiceInterceptor
FN:95,AuthServiceRequestTransform
FN:109,AuthServiceUseHttpHeaderAuthorization
FN:119,AuthServiceLoggedUserSetter
FN:132,AuthServiceExpectDataAs
FN:136,(anonymous_18)
FN:137,_setLoggedUser
FN:140,(anonymous_20)
FN:153,(anonymous_21)
FN:164,(anonymous_22)
FN:169,(anonymous_23)
FN:181,(anonymous_24)
FN:184,(anonymous_25)
FN:189,(anonymous_26)
FN:201,(anonymous_27)
FN:204,(anonymous_28)
FN:208,(anonymous_29)
FN:220,(anonymous_30)
FN:230,(anonymous_31)
FN:238,(anonymous_32)
FN:246,(anonymous_33)
FN:255,(anonymous_34)
FN:284,(anonymous_35)
FN:291,(anonymous_36)
FN:300,AuthLoginDirectiveFactory
FN:303,(anonymous_38)
FN:308,(anonymous_39)
FN:325,(anonymous_40)
FN:334,AuthLogoutDirectiveFactory
FN:335,(anonymous_42)
FN:336,(anonymous_43)
FN:339,(anonymous_44)
FN:347,AuthClassesDirectiveFactory
FN:356,(anonymous_46)
FN:357,_toggleClass
FN:370,(anonymous_48)
FN:396,(anonymous_49)
FN:397,AuthCurrentUser
FN:409,(anonymous_51)
FNF:51
FNH:46
FNDA:1,(anonymous_1)
FNDA:28,AuthModuleRun
FNDA:4,redirect
FNDA:2,(anonymous_4)
FNDA:6,(anonymous_5)
FNDA:29,(anonymous_6)
FNDA:42,_authorizeLevelBased
FNDA:0,_authorizeRoleBased
FNDA:7,_sanitizeParsedData
FNDA:28,AuthProviderFactory
FNDA:3,AuthServiceRoutesListSetter
FNDA:7,AuthServiceTokenizeHttp
FNDA:7,AuthServiceInterceptor
FNDA:8,AuthServiceRequestTransform
FNDA:0,AuthServiceUseHttpHeaderAuthorization
FNDA:34,AuthServiceLoggedUserSetter
FNDA:21,AuthServiceExpectDataAs
FNDA:28,(anonymous_18)
FNDA:29,_setLoggedUser
FNDA:4,(anonymous_20)
FNDA:5,(anonymous_21)
FNDA:4,(anonymous_22)
FNDA:1,(anonymous_23)
FNDA:4,(anonymous_24)
FNDA:3,(anonymous_25)
FNDA:1,(anonymous_26)
FNDA:4,(anonymous_27)
FNDA:3,(anonymous_28)
FNDA:1,(anonymous_29)
FNDA:11,(anonymous_30)
FNDA:8,(anonymous_31)
FNDA:58,(anonymous_32)
FNDA:20,(anonymous_33)
FNDA:43,(anonymous_34)
FNDA:0,(anonymous_35)
FNDA:14,(anonymous_36)
FNDA:2,AuthLoginDirectiveFactory
FNDA:2,(anonymous_38)
FNDA:2,(anonymous_39)
FNDA:0,(anonymous_40)
FNDA:1,AuthLogoutDirectiveFactory
FNDA:1,(anonymous_42)
FNDA:1,(anonymous_43)
FNDA:0,(anonymous_44)
FNDA:1,AuthClassesDirectiveFactory
FNDA:1,(anonymous_46)
FNDA:2,_toggleClass
FNDA:1,(anonymous_48)
FNDA:1,(anonymous_49)
FNDA:19,AuthCurrentUser
FNDA:44,(anonymous_51)
DA:10,1
DA:14,1
DA:15,1
DA:16,4
DA:17,2
DA:20,28
DA:21,6
DA:22,2
DA:23,2
DA:24,2
DA:30,2
DA:33,28
DA:34,29
DA:37,1
DA:39,1
DA:40,42
DA:41,42
DA:44,1
DA:45,0
DA:46,0
DA:47,0
DA:48,0
DA:49,0
DA:53,0
DA:56,1
DA:57,7
DA:58,0
DA:59,0
DA:65,7
DA:69,1
DA:70,28
DA:77,28
DA:78,3
DA:79,3
DA:89,28
DA:90,7
DA:91,7
DA:92,7
DA:93,7
DA:94,7
DA:96,8
DA:97,8
DA:103,7
DA:109,28
DA:110,0
DA:111,0
DA:119,28
DA:120,34
DA:121,15
DA:122,15
DA:124,34
DA:125,34
DA:126,34
DA:132,28
DA:133,21
DA:134,21
DA:136,28
DA:137,1
DA:138,29
DA:139,29
DA:140,29
DA:141,4
DA:144,28
DA:145,28
DA:154,5
DA:157,5
DA:158,0
DA:161,0
DA:162,0
DA:164,5
DA:165,4
DA:166,4
DA:167,4
DA:168,4
DA:170,1
DA:171,1
DA:172,1
DA:182,4
DA:185,3
DA:186,3
DA:187,3
DA:188,3
DA:190,1
DA:191,1
DA:192,1
DA:202,4
DA:205,3
DA:206,3
DA:207,3
DA:209,1
DA:210,1
DA:211,1
DA:221,11
DA:222,3
DA:224,8
DA:225,8
DA:231,8
DA:232,8
DA:239,58
DA:247,20
DA:256,43
DA:257,43
DA:258,43
DA:259,1
DA:260,1
DA:262,42
DA:263,42
DA:265,19
DA:267,42
DA:268,42
DA:269,42
DA:271,0
DA:272,0
DA:274,0
DA:275,0
DA:285,0
DA:292,14
DA:297,1
DA:300,1
DA:301,2
DA:304,2
DA:305,2
DA:306,2
DA:308,2
DA:309,2
DA:310,2
DA:311,2
DA:316,0
DA:317,0
DA:318,0
DA:323,0
DA:325,2
DA:326,0
DA:331,1
DA:334,1
DA:335,1
DA:336,1
DA:337,1
DA:339,1
DA:340,0
DA:344,1
DA:347,1
DA:348,1
DA:353,1
DA:357,1
DA:358,2
DA:359,2
DA:360,1
DA:361,1
DA:363,1
DA:364,1
DA:366,1
DA:369,1
DA:370,1
DA:371,1
DA:376,1
DA:378,1
DA:397,1
DA:399,19
DA:400,129
DA:403,19
DA:408,1
DA:409,1
DA:410,44
DA:412,1
DA:415,1
LF:166
LH:142
BRDA:21,1,0,2
BRDA:21,1,1,4
BRDA:25,2,0,1
BRDA:25,2,1,1
BRDA:26,3,0,1
BRDA:26,3,1,1
BRDA:30,4,0,2
BRDA:30,4,1,2
BRDA:34,5,0,29
BRDA:34,5,1,2
BRDA:40,6,0,42
BRDA:40,6,1,0
BRDA:45,7,0,0
BRDA:45,7,1,0
BRDA:48,8,0,0
BRDA:48,8,1,0
BRDA:57,9,0,0
BRDA:57,9,1,7
BRDA:57,10,0,7
BRDA:57,10,1,7
BRDA:57,10,2,7
BRDA:57,10,3,7
BRDA:78,11,0,3
BRDA:78,11,1,2
BRDA:90,12,0,7
BRDA:90,12,1,0
BRDA:91,13,0,7
BRDA:91,13,1,1
BRDA:91,13,2,6
BRDA:92,14,0,7
BRDA:92,14,1,7
BRDA:96,15,0,8
BRDA:96,15,1,3
BRDA:96,15,2,3
BRDA:96,15,3,3
BRDA:120,16,0,15
BRDA:120,16,1,19
BRDA:120,17,0,34
BRDA:120,17,1,34
BRDA:120,17,2,20
BRDA:120,17,3,19
BRDA:124,18,0,19
BRDA:124,18,1,15
BRDA:133,19,0,21
BRDA:133,19,1,21
BRDA:141,20,0,4
BRDA:141,20,1,4
BRDA:144,21,0,28
BRDA:144,21,1,7
BRDA:157,22,0,0
BRDA:157,22,1,5
BRDA:159,23,0,0
BRDA:159,23,1,0
BRDA:159,24,0,0
BRDA:159,24,1,0
BRDA:221,25,0,3
BRDA:221,25,1,8
BRDA:221,26,0,11
BRDA:221,26,1,10
BRDA:221,26,2,10
BRDA:221,26,3,8
BRDA:257,27,0,43
BRDA:257,27,1,21
BRDA:258,28,0,1
BRDA:258,28,1,42
BRDA:263,29,0,42
BRDA:263,29,1,5
BRDA:267,30,0,42
BRDA:267,30,1,29
BRDA:267,31,0,3
BRDA:267,31,1,39
BRDA:267,32,0,42
BRDA:267,32,1,3
BRDA:268,33,0,42
BRDA:268,33,1,0
BRDA:271,34,0,0
BRDA:271,34,1,0
BRDA:304,35,0,0
BRDA:304,35,1,2
BRDA:304,36,0,0
BRDA:304,36,1,2
BRDA:309,37,0,2
BRDA:309,37,1,0
BRDA:316,38,0,0
BRDA:316,38,1,0
BRDA:316,39,0,0
BRDA:316,39,1,0
BRDA:316,39,2,0
BRDA:359,40,0,1
BRDA:359,40,1,1
BRDA:400,41,0,129
BRDA:400,41,1,129
BRDA:400,41,2,114
BRDA:405,42,0,19
BRDA:405,42,1,7
BRDA:405,42,2,4
BRF:96
BRH:73
end_of_record
