TN:
SF:./release/angular-hitmands-auth.js
FN:16,(anonymous_1)
FN:20,AuthModuleRun
FN:21,redirect
FN:22,(anonymous_4)
FN:27,(anonymous_5)
FN:40,(anonymous_6)
FN:47,_validAuthData
FN:54,_authorizeLevelBased
FN:59,_inArray
FN:75,AuthServiceProviderFactory
FN:82,AuthServiceDisableAutoRoutingProtection
FN:91,AuthServiceSetRedirectPath
FN:102,AuthServiceRoutesListSetter
FN:114,AuthServiceTokenizeHttp
FN:119,AuthServiceInterceptor
FN:121,AuthServiceRequestTransform
FN:138,AuthServiceUseHttpHeaderAuthorization
FN:148,AuthServiceLoggedUserSetter
FN:161,AuthServiceExpectDataAs
FN:165,AuthServiceFactory
FN:166,_setLoggedUser
FN:169,(anonymous_22)
FN:182,(anonymous_23)
FN:193,(anonymous_24)
FN:198,(anonymous_25)
FN:210,(anonymous_26)
FN:213,(anonymous_27)
FN:218,(anonymous_28)
FN:230,(anonymous_29)
FN:233,(anonymous_30)
FN:237,(anonymous_31)
FN:249,(anonymous_32)
FN:259,(anonymous_33)
FN:267,(anonymous_34)
FN:275,(anonymous_35)
FN:284,(anonymous_36)
FN:314,(anonymous_37)
FN:321,(anonymous_38)
FN:330,AuthLoginDirectiveFactory
FN:333,(anonymous_40)
FN:340,(anonymous_41)
FN:354,(anonymous_42)
FN:363,AuthLogoutDirectiveFactory
FN:364,(anonymous_44)
FN:365,(anonymous_45)
FN:368,(anonymous_46)
FN:376,AuthClassesDirectiveFactory
FN:385,(anonymous_48)
FN:386,_toggleClass
FN:399,(anonymous_50)
FN:426,(anonymous_51)
FN:427,AuthCurrentUser
FNF:52
FNH:7
FNDA:1,(anonymous_1)
FNDA:1,AuthModuleRun
FNDA:0,redirect
FNDA:0,(anonymous_4)
FNDA:0,(anonymous_5)
FNDA:0,(anonymous_6)
FNDA:0,_validAuthData
FNDA:1,_authorizeLevelBased
FNDA:0,_inArray
FNDA:1,AuthServiceProviderFactory
FNDA:0,AuthServiceDisableAutoRoutingProtection
FNDA:0,AuthServiceSetRedirectPath
FNDA:0,AuthServiceRoutesListSetter
FNDA:0,AuthServiceTokenizeHttp
FNDA:0,AuthServiceInterceptor
FNDA:0,AuthServiceRequestTransform
FNDA:0,AuthServiceUseHttpHeaderAuthorization
FNDA:0,AuthServiceLoggedUserSetter
FNDA:0,AuthServiceExpectDataAs
FNDA:1,AuthServiceFactory
FNDA:0,_setLoggedUser
FNDA:0,(anonymous_22)
FNDA:0,(anonymous_23)
FNDA:0,(anonymous_24)
FNDA:0,(anonymous_25)
FNDA:0,(anonymous_26)
FNDA:0,(anonymous_27)
FNDA:0,(anonymous_28)
FNDA:0,(anonymous_29)
FNDA:0,(anonymous_30)
FNDA:0,(anonymous_31)
FNDA:0,(anonymous_32)
FNDA:0,(anonymous_33)
FNDA:0,(anonymous_34)
FNDA:0,(anonymous_35)
FNDA:1,(anonymous_36)
FNDA:0,(anonymous_37)
FNDA:0,(anonymous_38)
FNDA:0,AuthLoginDirectiveFactory
FNDA:0,(anonymous_40)
FNDA:0,(anonymous_41)
FNDA:0,(anonymous_42)
FNDA:0,AuthLogoutDirectiveFactory
FNDA:0,(anonymous_44)
FNDA:0,(anonymous_45)
FNDA:0,(anonymous_46)
FNDA:0,AuthClassesDirectiveFactory
FNDA:0,(anonymous_48)
FNDA:0,_toggleClass
FNDA:0,(anonymous_50)
FNDA:1,(anonymous_51)
FNDA:0,AuthCurrentUser
DA:16,1
DA:20,1
DA:21,1
DA:22,0
DA:23,0
DA:26,1
DA:27,1
DA:28,0
DA:29,0
DA:30,0
DA:31,0
DA:37,0
DA:40,1
DA:41,0
DA:45,1
DA:47,1
DA:48,0
DA:49,0
DA:50,0
DA:51,0
DA:54,1
DA:55,1
DA:56,1
DA:59,1
DA:60,0
DA:61,0
DA:62,0
DA:64,0
DA:65,0
DA:66,0
DA:67,0
DA:71,0
DA:75,1
DA:76,1
DA:82,1
DA:83,0
DA:84,0
DA:91,1
DA:92,0
DA:102,1
DA:103,0
DA:104,0
DA:114,1
DA:115,0
DA:116,0
DA:117,0
DA:119,0
DA:120,0
DA:122,0
DA:123,0
DA:124,0
DA:127,0
DA:132,0
DA:138,1
DA:139,0
DA:140,0
DA:148,1
DA:149,0
DA:150,0
DA:151,0
DA:153,0
DA:154,0
DA:155,0
DA:161,1
DA:162,0
DA:163,0
DA:165,1
DA:166,1
DA:167,0
DA:168,0
DA:169,0
DA:170,0
DA:173,1
DA:174,1
DA:183,0
DA:186,0
DA:187,0
DA:190,0
DA:191,0
DA:193,0
DA:194,0
DA:195,0
DA:196,0
DA:197,0
DA:199,0
DA:200,0
DA:201,0
DA:211,0
DA:214,0
DA:215,0
DA:216,0
DA:217,0
DA:219,0
DA:220,0
DA:221,0
DA:231,0
DA:234,0
DA:235,0
DA:236,0
DA:238,0
DA:239,0
DA:240,0
DA:250,0
DA:251,0
DA:253,0
DA:254,0
DA:260,0
DA:261,0
DA:268,0
DA:276,0
DA:285,1
DA:286,1
DA:287,1
DA:288,0
DA:289,0
DA:291,1
DA:292,1
DA:293,1
DA:295,1
DA:296,1
DA:298,1
DA:299,1
DA:301,0
DA:302,0
DA:304,0
DA:305,0
DA:315,0
DA:322,0
DA:327,1
DA:330,1
DA:331,0
DA:334,0
DA:335,0
DA:336,0
DA:337,0
DA:338,0
DA:340,0
DA:341,0
DA:342,0
DA:343,0
DA:348,0
DA:349,0
DA:350,0
DA:352,0
DA:354,0
DA:355,0
DA:360,1
DA:363,1
DA:364,0
DA:365,0
DA:366,0
DA:368,0
DA:369,0
DA:373,1
DA:376,1
DA:377,0
DA:382,0
DA:386,1
DA:387,0
DA:388,0
DA:389,0
DA:390,0
DA:392,0
DA:393,0
DA:395,0
DA:398,0
DA:399,0
DA:400,0
DA:405,1
DA:407,1
DA:427,1
DA:429,0
DA:430,0
DA:433,0
DA:438,1
DA:441,1
LF:176
LH:47
BRDA:26,1,0,1
BRDA:26,1,1,0
BRDA:28,2,0,0
BRDA:28,2,1,0
BRDA:32,3,0,0
BRDA:32,3,1,0
BRDA:33,4,0,0
BRDA:33,4,1,0
BRDA:37,5,0,0
BRDA:37,5,1,0
BRDA:41,6,0,0
BRDA:41,6,1,0
BRDA:49,7,0,0
BRDA:49,7,1,0
BRDA:49,7,2,0
BRDA:50,8,0,0
BRDA:50,8,1,0
BRDA:50,8,2,0
BRDA:55,9,0,1
BRDA:55,9,1,0
BRDA:60,10,0,0
BRDA:60,10,1,0
BRDA:61,11,0,0
BRDA:61,11,1,0
BRDA:66,12,0,0
BRDA:66,12,1,0
BRDA:115,13,0,0
BRDA:115,13,1,0
BRDA:122,14,0,0
BRDA:122,14,1,0
BRDA:124,15,0,0
BRDA:124,15,1,0
BRDA:149,16,0,0
BRDA:149,16,1,0
BRDA:153,17,0,0
BRDA:153,17,1,0
BRDA:162,18,0,0
BRDA:162,18,1,0
BRDA:170,19,0,0
BRDA:170,19,1,0
BRDA:173,20,0,1
BRDA:173,20,1,1
BRDA:186,21,0,0
BRDA:186,21,1,0
BRDA:188,22,0,0
BRDA:188,22,1,0
BRDA:188,23,0,0
BRDA:188,23,1,0
BRDA:250,24,0,0
BRDA:250,24,1,0
BRDA:286,25,0,1
BRDA:286,25,1,1
BRDA:287,26,0,0
BRDA:287,26,1,1
BRDA:291,27,0,1
BRDA:291,27,1,0
BRDA:291,28,0,0
BRDA:291,28,1,1
BRDA:298,29,0,1
BRDA:298,29,1,0
BRDA:301,30,0,0
BRDA:301,30,1,0
BRDA:335,31,0,0
BRDA:335,31,1,0
BRDA:336,32,0,0
BRDA:336,32,1,0
BRDA:341,33,0,0
BRDA:341,33,1,0
BRDA:348,34,0,0
BRDA:348,34,1,0
BRDA:348,35,0,0
BRDA:348,35,1,0
BRDA:388,36,0,0
BRDA:388,36,1,0
BRDA:430,37,0,0
BRDA:430,37,1,0
BRDA:430,37,2,0
BRDA:435,38,0,0
BRDA:435,38,1,0
BRF:79
BRH:10
end_of_record
